ARM GAS  /var/folders/fn/fb163f091hqctqn3mb9xb7qc0000gp/T//ccdzkOeD.s 			page 1


   1              		.cpu cortex-m4
   2              		.eabi_attribute 27, 1
   3              		.eabi_attribute 28, 1
   4              		.eabi_attribute 20, 1
   5              		.eabi_attribute 21, 1
   6              		.eabi_attribute 23, 3
   7              		.eabi_attribute 24, 1
   8              		.eabi_attribute 25, 1
   9              		.eabi_attribute 26, 1
  10              		.eabi_attribute 30, 1
  11              		.eabi_attribute 34, 1
  12              		.eabi_attribute 18, 4
  13              		.file	"stm32l4xx_hal_msp.c"
  14              		.text
  15              	.Ltext0:
  16              		.cfi_sections	.debug_frame
  17              		.section	.text.HAL_MspInit,"ax",%progbits
  18              		.align	1
  19              		.global	HAL_MspInit
  20              		.arch armv7e-m
  21              		.syntax unified
  22              		.thumb
  23              		.thumb_func
  24              		.fpu fpv4-sp-d16
  26              	HAL_MspInit:
  27              	.LFB132:
  28              		.file 1 "Src/stm32l4xx_hal_msp.c"
   1:Src/stm32l4xx_hal_msp.c **** /* USER CODE BEGIN Header */
   2:Src/stm32l4xx_hal_msp.c **** /**
   3:Src/stm32l4xx_hal_msp.c ****   ******************************************************************************
   4:Src/stm32l4xx_hal_msp.c ****   * @file         stm32l4xx_hal_msp.c
   5:Src/stm32l4xx_hal_msp.c ****   * @brief        This file provides code for the MSP Initialization
   6:Src/stm32l4xx_hal_msp.c ****   *               and de-Initialization codes.
   7:Src/stm32l4xx_hal_msp.c ****   ******************************************************************************
   8:Src/stm32l4xx_hal_msp.c ****   * @attention
   9:Src/stm32l4xx_hal_msp.c ****   *
  10:Src/stm32l4xx_hal_msp.c ****   * Copyright (c) 2024 STMicroelectronics.
  11:Src/stm32l4xx_hal_msp.c ****   * All rights reserved.
  12:Src/stm32l4xx_hal_msp.c ****   *
  13:Src/stm32l4xx_hal_msp.c ****   * This software is licensed under terms that can be found in the LICENSE file
  14:Src/stm32l4xx_hal_msp.c ****   * in the root directory of this software component.
  15:Src/stm32l4xx_hal_msp.c ****   * If no LICENSE file comes with this software, it is provided AS-IS.
  16:Src/stm32l4xx_hal_msp.c ****   *
  17:Src/stm32l4xx_hal_msp.c ****   ******************************************************************************
  18:Src/stm32l4xx_hal_msp.c ****   */
  19:Src/stm32l4xx_hal_msp.c **** /* USER CODE END Header */
  20:Src/stm32l4xx_hal_msp.c **** 
  21:Src/stm32l4xx_hal_msp.c **** /* Includes ------------------------------------------------------------------*/
  22:Src/stm32l4xx_hal_msp.c **** #include "main.h"
  23:Src/stm32l4xx_hal_msp.c **** /* USER CODE BEGIN Includes */
  24:Src/stm32l4xx_hal_msp.c **** 
  25:Src/stm32l4xx_hal_msp.c **** /* USER CODE END Includes */
  26:Src/stm32l4xx_hal_msp.c **** 
  27:Src/stm32l4xx_hal_msp.c **** /* Private typedef -----------------------------------------------------------*/
  28:Src/stm32l4xx_hal_msp.c **** /* USER CODE BEGIN TD */
  29:Src/stm32l4xx_hal_msp.c **** 
  30:Src/stm32l4xx_hal_msp.c **** /* USER CODE END TD */
ARM GAS  /var/folders/fn/fb163f091hqctqn3mb9xb7qc0000gp/T//ccdzkOeD.s 			page 2


  31:Src/stm32l4xx_hal_msp.c **** 
  32:Src/stm32l4xx_hal_msp.c **** /* Private define ------------------------------------------------------------*/
  33:Src/stm32l4xx_hal_msp.c **** /* USER CODE BEGIN Define */
  34:Src/stm32l4xx_hal_msp.c **** 
  35:Src/stm32l4xx_hal_msp.c **** /* USER CODE END Define */
  36:Src/stm32l4xx_hal_msp.c **** 
  37:Src/stm32l4xx_hal_msp.c **** /* Private macro -------------------------------------------------------------*/
  38:Src/stm32l4xx_hal_msp.c **** /* USER CODE BEGIN Macro */
  39:Src/stm32l4xx_hal_msp.c **** 
  40:Src/stm32l4xx_hal_msp.c **** /* USER CODE END Macro */
  41:Src/stm32l4xx_hal_msp.c **** 
  42:Src/stm32l4xx_hal_msp.c **** /* Private variables ---------------------------------------------------------*/
  43:Src/stm32l4xx_hal_msp.c **** /* USER CODE BEGIN PV */
  44:Src/stm32l4xx_hal_msp.c **** 
  45:Src/stm32l4xx_hal_msp.c **** /* USER CODE END PV */
  46:Src/stm32l4xx_hal_msp.c **** 
  47:Src/stm32l4xx_hal_msp.c **** /* Private function prototypes -----------------------------------------------*/
  48:Src/stm32l4xx_hal_msp.c **** /* USER CODE BEGIN PFP */
  49:Src/stm32l4xx_hal_msp.c **** 
  50:Src/stm32l4xx_hal_msp.c **** /* USER CODE END PFP */
  51:Src/stm32l4xx_hal_msp.c **** 
  52:Src/stm32l4xx_hal_msp.c **** /* External functions --------------------------------------------------------*/
  53:Src/stm32l4xx_hal_msp.c **** /* USER CODE BEGIN ExternalFunctions */
  54:Src/stm32l4xx_hal_msp.c **** 
  55:Src/stm32l4xx_hal_msp.c **** /* USER CODE END ExternalFunctions */
  56:Src/stm32l4xx_hal_msp.c **** 
  57:Src/stm32l4xx_hal_msp.c **** /* USER CODE BEGIN 0 */
  58:Src/stm32l4xx_hal_msp.c **** 
  59:Src/stm32l4xx_hal_msp.c **** /* USER CODE END 0 */
  60:Src/stm32l4xx_hal_msp.c **** /**
  61:Src/stm32l4xx_hal_msp.c ****   * Initializes the Global MSP.
  62:Src/stm32l4xx_hal_msp.c ****   */
  63:Src/stm32l4xx_hal_msp.c **** void HAL_MspInit(void)
  64:Src/stm32l4xx_hal_msp.c **** {
  29              		.loc 1 64 1 view -0
  30              		.cfi_startproc
  31              		@ args = 0, pretend = 0, frame = 8
  32              		@ frame_needed = 0, uses_anonymous_args = 0
  33              		@ link register save eliminated.
  34 0000 82B0     		sub	sp, sp, #8
  35              	.LCFI0:
  36              		.cfi_def_cfa_offset 8
  65:Src/stm32l4xx_hal_msp.c **** 
  66:Src/stm32l4xx_hal_msp.c ****   /* USER CODE BEGIN MspInit 0 */
  67:Src/stm32l4xx_hal_msp.c **** 
  68:Src/stm32l4xx_hal_msp.c ****   /* USER CODE END MspInit 0 */
  69:Src/stm32l4xx_hal_msp.c **** 
  70:Src/stm32l4xx_hal_msp.c ****   __HAL_RCC_SYSCFG_CLK_ENABLE();
  37              		.loc 1 70 3 view .LVU1
  38              	.LBB2:
  39              		.loc 1 70 3 view .LVU2
  40              		.loc 1 70 3 view .LVU3
  41 0002 0A4B     		ldr	r3, .L3
  42 0004 1A6E     		ldr	r2, [r3, #96]
  43 0006 42F00102 		orr	r2, r2, #1
  44 000a 1A66     		str	r2, [r3, #96]
  45              		.loc 1 70 3 view .LVU4
ARM GAS  /var/folders/fn/fb163f091hqctqn3mb9xb7qc0000gp/T//ccdzkOeD.s 			page 3


  46 000c 1A6E     		ldr	r2, [r3, #96]
  47 000e 02F00102 		and	r2, r2, #1
  48 0012 0092     		str	r2, [sp]
  49              		.loc 1 70 3 view .LVU5
  50 0014 009A     		ldr	r2, [sp]
  51              	.LBE2:
  52              		.loc 1 70 3 view .LVU6
  71:Src/stm32l4xx_hal_msp.c ****   __HAL_RCC_PWR_CLK_ENABLE();
  53              		.loc 1 71 3 view .LVU7
  54              	.LBB3:
  55              		.loc 1 71 3 view .LVU8
  56              		.loc 1 71 3 view .LVU9
  57 0016 9A6D     		ldr	r2, [r3, #88]
  58 0018 42F08052 		orr	r2, r2, #268435456
  59 001c 9A65     		str	r2, [r3, #88]
  60              		.loc 1 71 3 view .LVU10
  61 001e 9B6D     		ldr	r3, [r3, #88]
  62 0020 03F08053 		and	r3, r3, #268435456
  63 0024 0193     		str	r3, [sp, #4]
  64              		.loc 1 71 3 view .LVU11
  65 0026 019B     		ldr	r3, [sp, #4]
  66              	.LBE3:
  67              		.loc 1 71 3 view .LVU12
  72:Src/stm32l4xx_hal_msp.c **** 
  73:Src/stm32l4xx_hal_msp.c ****   /* System interrupt init*/
  74:Src/stm32l4xx_hal_msp.c **** 
  75:Src/stm32l4xx_hal_msp.c ****   /* USER CODE BEGIN MspInit 1 */
  76:Src/stm32l4xx_hal_msp.c **** 
  77:Src/stm32l4xx_hal_msp.c ****   /* USER CODE END MspInit 1 */
  78:Src/stm32l4xx_hal_msp.c **** }
  68              		.loc 1 78 1 is_stmt 0 view .LVU13
  69 0028 02B0     		add	sp, sp, #8
  70              	.LCFI1:
  71              		.cfi_def_cfa_offset 0
  72              		@ sp needed
  73 002a 7047     		bx	lr
  74              	.L4:
  75              		.align	2
  76              	.L3:
  77 002c 00100240 		.word	1073876992
  78              		.cfi_endproc
  79              	.LFE132:
  81              		.text
  82              	.Letext0:
  83              		.file 2 "/Applications/ArmGNUToolchain/10.2/arm-none-eabi/include/machine/_default_types.h"
  84              		.file 3 "/Applications/ArmGNUToolchain/10.2/arm-none-eabi/include/sys/_stdint.h"
  85              		.file 4 "Drivers/CMSIS/Device/ST/STM32L4xx/Include/stm32l432xx.h"
ARM GAS  /var/folders/fn/fb163f091hqctqn3mb9xb7qc0000gp/T//ccdzkOeD.s 			page 4


DEFINED SYMBOLS
                            *ABS*:0000000000000000 stm32l4xx_hal_msp.c
/var/folders/fn/fb163f091hqctqn3mb9xb7qc0000gp/T//ccdzkOeD.s:18     .text.HAL_MspInit:0000000000000000 $t
/var/folders/fn/fb163f091hqctqn3mb9xb7qc0000gp/T//ccdzkOeD.s:26     .text.HAL_MspInit:0000000000000000 HAL_MspInit
/var/folders/fn/fb163f091hqctqn3mb9xb7qc0000gp/T//ccdzkOeD.s:77     .text.HAL_MspInit:000000000000002c $d

NO UNDEFINED SYMBOLS
